<?xml version="1.0" encoding="UTF-8"?>
<!-- Generated by org.testng.reporters.JUnitReportReporter -->
<testsuite hostname="DESKTOP-HAP6K18" failures="0" tests="1" name="testCases.TestCase" time="6.954" errors="0" timestamp="2023-03-13T14:53:43 IST" skipped="0">
  <testcase classname="testCases.TestCase" name="testCreateGOC" time="6.954"/>
  <system-out/>
</testsuite> <!-- testCases.TestCase -->
